cl : 命令列 warning D9035: 選項 'Gm' 已被取代，在未來的發行版本中將會移除
cl : 命令列 warning D9007: '/Gm' 需要 '/Zi 或 /ZI'，已忽略選項
  CBackpack.cpp
d:\大學\二下\物件\new\source\cbackpack.cpp(36): warning C4018: '<': signed/unsigned 不相符
d:\大學\二下\物件\new\source\cbackpack.cpp(56): warning C4018: '<': signed/unsigned 不相符
  CBase.cpp
  CBomb.cpp
  CBullet.cpp
  CCoin.cpp
  CDifferentTime.cpp
  CEnemy.cpp
  CGasoline.cpp
d:\大學\二下\物件\new\source\cgasoline.cpp(46): warning C4804: '<=': 作業中不安全的使用類型 'bool'
  CGun.cpp
  CGunBullet.cpp
  CHeal.cpp
  CHealthPoints.cpp
  CLandmine.cpp
  CMap.cpp
d:\大學\二下\物件\new\source\cmap.cpp(86): warning C4018: '<': signed/unsigned 不相符
  CPlayer.cpp
  CProps.cpp
  CRocket.cpp
  CRocketBullet.cpp
  CShop.cpp
  CWeapon.cpp
  正在產生程式碼...
d:\大學\二下\物件\new\source\cbomb.h(14): warning C4715: 'game_framework::CBomb::GetGasonline': 不是所有控制路徑都傳回值
d:\大學\二下\物件\new\source\cbomb.h(14): warning C4715: 'game_framework::CBomb::GetGasonline': 不是所有控制路徑都傳回值
d:\大學\二下\物件\new\source\astar.h(233): warning C4715: 'game_framework::Cordinate::aStar': 不是所有控制路徑都傳回值
d:\大學\二下\物件\new\source\astar.h(89): warning C4715: 'game_framework::Cordinate::makePath': 不是所有控制路徑都傳回值
  正在編譯...
  MainFrm.cpp
  audio.cpp
  game.cpp
  gameDoc.cpp
  gameView.cpp
  gamelib.cpp
d:\大學\二下\物件\new\source\gamelib.cpp(301): warning C4244: '=': 將 'double' 轉換為 'int'，由於類型不同，可能導致資料遺失
d:\大學\二下\物件\new\source\gamelib.cpp(308): warning C4244: '-=': 將 'double' 轉換為 'int'，由於類型不同，可能導致資料遺失
  mygame.cpp
  正在產生程式碼...
  game.vcxproj -> D:\大學\二下\物件\new\.\Debug\game.exe
